[debug] [2024-09-07T14:13:47.796Z] ----------------------------------------------------------------------
[debug] [2024-09-07T14:13:47.798Z] Command:       C:\Program Files\nodejs\node.exe C:\Users\Razvan\AppData\Roaming\npm\node_modules\firebase-tools\lib\bin\firebase.js init
[debug] [2024-09-07T14:13:47.798Z] CLI Version:   13.16.0
[debug] [2024-09-07T14:13:47.799Z] Platform:      win32
[debug] [2024-09-07T14:13:47.799Z] Node Version:  v20.16.0
[debug] [2024-09-07T14:13:47.799Z] Time:          Sat Sep 07 2024 17:13:47 GMT+0300 (Eastern European Summer Time)
[debug] [2024-09-07T14:13:47.799Z] ----------------------------------------------------------------------
[debug] 
[debug] [2024-09-07T14:13:47.805Z] > command requires scopes: ["email","openid","https://www.googleapis.com/auth/cloudplatformprojects.readonly","https://www.googleapis.com/auth/firebase","https://www.googleapis.com/auth/cloud-platform"]
[debug] [2024-09-07T14:13:47.805Z] > authorizing via signed-in user (razvansau9@gmail.com)
[info] 
     ######## #### ########  ######## ########     ###     ######  ########
     ##        ##  ##     ## ##       ##     ##  ##   ##  ##       ##
     ######    ##  ########  ######   ########  #########  ######  ######
     ##        ##  ##    ##  ##       ##     ## ##     ##       ## ##
     ##       #### ##     ## ######## ########  ##     ##  ######  ########

You're about to initialize a Firebase project in this directory:

  C:\Users\Razvan\Development\Projects\bug-tracker

[info] 
=== Project Setup
[info] 
[info] First, let's associate this project directory with a Firebase project.
[info] You can create multiple project aliases by running firebase use --add, 
[info] but for now we'll just set up a default project.
[info] 
[debug] [2024-09-07T14:13:53.884Z] > refreshing access token with scopes: []
[debug] [2024-09-07T14:13:53.886Z] >>> [apiv2][query] POST https://www.googleapis.com/oauth2/v3/token [none]
[debug] [2024-09-07T14:13:53.886Z] >>> [apiv2][body] POST https://www.googleapis.com/oauth2/v3/token [omitted]
[debug] [2024-09-07T14:13:54.069Z] <<< [apiv2][status] POST https://www.googleapis.com/oauth2/v3/token 200
[debug] [2024-09-07T14:13:54.069Z] <<< [apiv2][body] POST https://www.googleapis.com/oauth2/v3/token [omitted]
[debug] [2024-09-07T14:13:54.079Z] >>> [apiv2][query] GET https://firebase.googleapis.com/v1beta1/projects pageSize=100
[debug] [2024-09-07T14:13:54.544Z] <<< [apiv2][status] GET https://firebase.googleapis.com/v1beta1/projects 200
[debug] [2024-09-07T14:13:54.544Z] <<< [apiv2][body] GET https://firebase.googleapis.com/v1beta1/projects [omitted]
[info] i  Using project bug-tracker-6d54d (bug-tracker) 
[info] 
=== Firestore Setup
[debug] [2024-09-07T14:13:55.549Z] >>> [apiv2][query] GET https://serviceusage.googleapis.com/v1/projects/bug-tracker-6d54d/services/firestore.googleapis.com [none]
[debug] [2024-09-07T14:13:55.550Z] >>> [apiv2][(partial)header] GET https://serviceusage.googleapis.com/v1/projects/bug-tracker-6d54d/services/firestore.googleapis.com x-goog-quota-user=projects/bug-tracker-6d54d
[debug] [2024-09-07T14:13:56.592Z] <<< [apiv2][status] GET https://serviceusage.googleapis.com/v1/projects/bug-tracker-6d54d/services/firestore.googleapis.com 200
[debug] [2024-09-07T14:13:56.592Z] <<< [apiv2][body] GET https://serviceusage.googleapis.com/v1/projects/bug-tracker-6d54d/services/firestore.googleapis.com [omitted]
[debug] [2024-09-07T14:13:56.593Z] >>> [apiv2][query] GET https://firestore.googleapis.com/v1/projects/bug-tracker-6d54d/databases/(default) [none]
[debug] [2024-09-07T14:13:56.884Z] <<< [apiv2][status] GET https://firestore.googleapis.com/v1/projects/bug-tracker-6d54d/databases/(default) 200
[debug] [2024-09-07T14:13:56.885Z] <<< [apiv2][body] GET https://firestore.googleapis.com/v1/projects/bug-tracker-6d54d/databases/(default) {"name":"projects/bug-tracker-6d54d/databases/(default)","uid":"b783faf1-d8fa-4bf9-97e0-c70d90bff551","createTime":"2024-09-07T14:12:53.486768Z","updateTime":"2024-09-07T14:12:53.486768Z","locationId":"eur3","type":"FIRESTORE_NATIVE","concurrencyMode":"PESSIMISTIC","versionRetentionPeriod":"3600s","earliestVersionTime":"2024-09-07T14:12:53.486768Z","appEngineIntegrationMode":"DISABLED","keyPrefix":"e","pointInTimeRecoveryEnablement":"POINT_IN_TIME_RECOVERY_DISABLED","deleteProtectionState":"DELETE_PROTECTION_DISABLED","etag":"IO2PmJOCsYgDMLChifWBsYgD"}
[debug] [2024-09-07T14:13:56.885Z] database_type: FIRESTORE_NATIVE
[debug] [2024-09-07T14:13:56.885Z] > command requires scopes: ["email","openid","https://www.googleapis.com/auth/cloudplatformprojects.readonly","https://www.googleapis.com/auth/firebase","https://www.googleapis.com/auth/cloud-platform"]
[debug] [2024-09-07T14:13:56.886Z] > authorizing via signed-in user (razvansau9@gmail.com)
[debug] [2024-09-07T14:13:56.886Z] [iam] checking project bug-tracker-6d54d for permissions ["firebase.projects.get"]
[debug] [2024-09-07T14:13:56.887Z] >>> [apiv2][query] POST https://cloudresourcemanager.googleapis.com/v1/projects/bug-tracker-6d54d:testIamPermissions [none]
[debug] [2024-09-07T14:13:56.888Z] >>> [apiv2][(partial)header] POST https://cloudresourcemanager.googleapis.com/v1/projects/bug-tracker-6d54d:testIamPermissions x-goog-quota-user=projects/bug-tracker-6d54d
[debug] [2024-09-07T14:13:56.888Z] >>> [apiv2][body] POST https://cloudresourcemanager.googleapis.com/v1/projects/bug-tracker-6d54d:testIamPermissions {"permissions":["firebase.projects.get"]}
[debug] [2024-09-07T14:13:57.729Z] <<< [apiv2][status] POST https://cloudresourcemanager.googleapis.com/v1/projects/bug-tracker-6d54d:testIamPermissions 200
[debug] [2024-09-07T14:13:57.729Z] <<< [apiv2][body] POST https://cloudresourcemanager.googleapis.com/v1/projects/bug-tracker-6d54d:testIamPermissions {"permissions":["firebase.projects.get"]}
[info] 
[info] Firestore Security Rules allow you to define how and when to allow
[info] requests. You can keep these rules in your project directory
[info] and publish them with firebase deploy.
[info] 
[debug] [2024-09-07T14:14:31.380Z] ----------------------------------------------------------------------
[debug] [2024-09-07T14:14:31.382Z] Command:       C:\Program Files\nodejs\node.exe C:\Users\Razvan\AppData\Roaming\npm\node_modules\firebase-tools\lib\bin\firebase.js init
[debug] [2024-09-07T14:14:31.383Z] CLI Version:   13.16.0
[debug] [2024-09-07T14:14:31.383Z] Platform:      win32
[debug] [2024-09-07T14:14:31.383Z] Node Version:  v20.16.0
[debug] [2024-09-07T14:14:31.383Z] Time:          Sat Sep 07 2024 17:14:31 GMT+0300 (Eastern European Summer Time)
[debug] [2024-09-07T14:14:31.383Z] ----------------------------------------------------------------------
[debug] 
[debug] [2024-09-07T14:14:31.389Z] > command requires scopes: ["email","openid","https://www.googleapis.com/auth/cloudplatformprojects.readonly","https://www.googleapis.com/auth/firebase","https://www.googleapis.com/auth/cloud-platform"]
[debug] [2024-09-07T14:14:31.390Z] > authorizing via signed-in user (razvansau9@gmail.com)
[info] 
     ######## #### ########  ######## ########     ###     ######  ########
     ##        ##  ##     ## ##       ##     ##  ##   ##  ##       ##
     ######    ##  ########  ######   ########  #########  ######  ######
     ##        ##  ##    ##  ##       ##     ## ##     ##       ## ##
     ##       #### ##     ## ######## ########  ##     ##  ######  ########

You're about to initialize a Firebase project in this directory:

  C:\Users\Razvan\Development\Projects\bug-tracker

